<?xml version="1.0" encoding="UTF-8"?>
<testsuite xmlns:xsi="http://www.w3.org/2001/XMLSchema-instance" xsi:noNamespaceSchemaLocation="https://maven.apache.org/surefire/maven-surefire-plugin/xsd/surefire-test-report.xsd" version="3.0.2" name="com.mohsenzamni.researchgapfinder.project.ResearchProjectIntegrationTest" time="7.585" tests="1" errors="0" skipped="0" failures="0">
  <properties>
[...]
</properties>
  <testcase name="persistsProjectAgainstPostgres" classname="com.mohsenzamni.researchgapfinder.project.ResearchProjectIntegrationTest" time="0.602">
    <system-out><![CDATA[14:30:29.073 [main] INFO org.springframework.test.context.support.AnnotationConfigContextLoaderUtils -- Could not detect default configuration classes for test class [com.mohsenzamni.researchgapfinder.project.ResearchProjectIntegrationTest]: ResearchProjectIntegrationTest does not declare any static, non-private, non-final, nested classes annotated with @Configuration.
14:30:29.195 [main] INFO org.springframework.boot.test.context.SpringBootTestContextBootstrapper -- Found @SpringBootConfiguration com.mohsenzamni.researchgapfinder.ResearchGapFinderApplication for test class com.mohsenzamni.researchgapfinder.project.ResearchProjectIntegrationTest
14:30:29.332 [main] INFO org.testcontainers.images.PullPolicy -- Image pull policy will be performed by: DefaultPullPolicy()
14:30:29.335 [main] INFO org.testcontainers.utility.ImageNameSubstitutor -- Image name substitution will be performed by: DefaultImageNameSubstitutor (composite of 'ConfigurationFileImageNameSubstitutor' and 'PrefixingImageNameSubstitutor')
14:30:29.362 [main] INFO org.testcontainers.DockerClientFactory -- Testcontainers version: 1.20.6
14:30:29.567 [main] INFO org.testcontainers.dockerclient.DockerClientProviderStrategy -- Loaded org.testcontainers.dockerclient.UnixSocketClientProviderStrategy from ~/.testcontainers.properties, will try it first
14:30:29.777 [main] INFO org.testcontainers.dockerclient.DockerClientProviderStrategy -- Found Docker environment with local Unix socket (unix:///var/run/docker.sock)
14:30:29.778 [main] INFO org.testcontainers.DockerClientFactory -- Docker host IP address is localhost
14:30:29.796 [main] INFO org.testcontainers.DockerClientFactory -- Connected to docker: 
  Server Version: 28.0.4
  API Version: 1.48
  Operating System: Ubuntu 24.04.4 LTS
  Total Memory: 15989 MB
14:30:29.816 [main] INFO tc.testcontainers/ryuk:0.11.0 -- Creating container for image: testcontainers/ryuk:0.11.0
14:30:29.940 [main] INFO tc.testcontainers/ryuk:0.11.0 -- Container testcontainers/ryuk:0.11.0 is starting: 0f47713cfcbc14b3d8103fb261ae2ea4e8ce907051f36112a81ae24dc135a146
14:30:30.215 [main] INFO tc.testcontainers/ryuk:0.11.0 -- Container testcontainers/ryuk:0.11.0 started in PT0.399169606S
14:30:30.220 [main] INFO org.testcontainers.utility.RyukResourceReaper -- Ryuk started - will monitor and terminate Testcontainers containers on JVM exit
14:30:30.221 [main] INFO org.testcontainers.DockerClientFactory -- Checking the system...
14:30:30.221 [main] INFO org.testcontainers.DockerClientFactory -- ✔︎ Docker server version should be at least 1.6.0
14:30:30.222 [main] INFO tc.postgres:16-alpine -- Creating container for image: postgres:16-alpine
14:30:30.238 [main] INFO tc.postgres:16-alpine -- Container postgres:16-alpine is starting: 8ee29db2cc069b1d78c3f5c0d1b3d4eebe5a3d61984d76543ad3c623fabd91db
14:30:31.658 [main] INFO tc.postgres:16-alpine -- Container postgres:16-alpine started in PT1.436477739S
14:30:31.659 [main] INFO tc.postgres:16-alpine -- Container is started (JDBC URL: jdbc:postgresql://localhost:32771/research_gap_finder?loggerLevel=OFF)

  .   ____          _            __ _ _
 /\\ / ___'_ __ _ _(_)_ __  __ _ \ \ \ \
( ( )\___ | '_ | '_| | '_ \/ _` | \ \ \ \
 \\/  ___)| |_)| | | | | || (_| |  ) ) ) )
  '  |____| .__|_| |_|_| |_\__, | / / / /
 =========|_|==============|___/=/_/_/_/

 :: Spring Boot ::                (v3.4.5)

2026-07-25T14:30:31.966Z  INFO 6485 --- [           main] c.m.r.p.ResearchProjectIntegrationTest   : Starting ResearchProjectIntegrationTest using Java 17.0.19 with PID 6485 (started by runner in /home/runner/work/research-gap-finder/research-gap-finder)
2026-07-25T14:30:31.967Z  INFO 6485 --- [           main] c.m.r.p.ResearchProjectIntegrationTest   : No active profile set, falling back to 1 default profile: "default"
2026-07-25T14:30:32.577Z  INFO 6485 --- [           main] .s.d.r.c.RepositoryConfigurationDelegate : Bootstrapping Spring Data JPA repositories in DEFAULT mode.
2026-07-25T14:30:32.617Z  INFO 6485 --- [           main] .s.d.r.c.RepositoryConfigurationDelegate : Finished Spring Data repository scanning in 32 ms. Found 1 JPA repository interface.
2026-07-25T14:30:32.927Z  INFO 6485 --- [           main] com.zaxxer.hikari.HikariDataSource       : HikariPool-1 - Starting...
2026-07-25T14:30:33.085Z  INFO 6485 --- [           main] com.zaxxer.hikari.pool.HikariPool        : HikariPool-1 - Added connection org.postgresql.jdbc.PgConnection@266da047
2026-07-25T14:30:33.086Z  INFO 6485 --- [           main] com.zaxxer.hikari.HikariDataSource       : HikariPool-1 - Start completed.
2026-07-25T14:30:33.200Z  INFO 6485 --- [           main] liquibase.database                       : Set default schema name to public
2026-07-25T14:30:33.549Z  INFO 6485 --- [           main] liquibase.changelog                      : Creating database history table with name: public.databasechangelog
2026-07-25T14:30:33.602Z  INFO 6485 --- [           main] liquibase.changelog                      : Reading from public.databasechangelog
2026-07-25T14:30:33.710Z  INFO 6485 --- [           main] liquibase.lockservice                    : Successfully acquired change log lock
2026-07-25T14:30:33.711Z  INFO 6485 --- [           main] liquibase.command                        : Using deploymentId: 4989833711
2026-07-25T14:30:33.713Z  INFO 6485 --- [           main] liquibase.changelog                      : Reading from public.databasechangelog
2026-07-25T14:30:33.734Z  INFO 6485 --- [           main] liquibase.ui                             : Running Changeset: db/changelog/changes/001-create-research-project.yaml::001-create-research-project::research-gap-finder
2026-07-25T14:30:33.751Z  INFO 6485 --- [           main] liquibase.changelog                      : Table research_project created
2026-07-25T14:30:33.752Z  INFO 6485 --- [           main] liquibase.changelog                      : ChangeSet db/changelog/changes/001-create-research-project.yaml::001-create-research-project::research-gap-finder ran successfully in 17ms
2026-07-25T14:30:33.766Z  INFO 6485 --- [           main] liquibase.util                           : UPDATE SUMMARY
2026-07-25T14:30:33.766Z  INFO 6485 --- [           main] liquibase.util                           : Run:                          1
2026-07-25T14:30:33.766Z  INFO 6485 --- [           main] liquibase.util                           : Previously run:               0
2026-07-25T14:30:33.767Z  INFO 6485 --- [           main] liquibase.util                           : Filtered out:                 0
2026-07-25T14:30:33.768Z  INFO 6485 --- [           main] liquibase.util                           : -------------------------------
2026-07-25T14:30:33.768Z  INFO 6485 --- [           main] liquibase.util                           : Total change sets:            1
2026-07-25T14:30:33.769Z  INFO 6485 --- [           main] liquibase.util                           : Update summary generated
2026-07-25T14:30:33.771Z  INFO 6485 --- [           main] liquibase.command                        : Update command completed successfully.
2026-07-25T14:30:33.771Z  INFO 6485 --- [           main] liquibase.ui                             : Liquibase: Update has been successful. Rows affected: 1
2026-07-25T14:30:33.775Z  INFO 6485 --- [           main] liquibase.lockservice                    : Successfully released change log lock
2026-07-25T14:30:33.776Z  INFO 6485 --- [           main] liquibase.command                        : Command execution complete
2026-07-25T14:30:33.847Z  INFO 6485 --- [           main] o.hibernate.jpa.internal.util.LogHelper  : HHH000204: Processing PersistenceUnitInfo [name: default]
2026-07-25T14:30:33.891Z  INFO 6485 --- [           main] org.hibernate.Version                    : HHH000412: Hibernate ORM core version 6.6.13.Final
2026-07-25T14:30:33.920Z  INFO 6485 --- [           main] o.h.c.internal.RegionFactoryInitiator    : HHH000026: Second-level cache disabled
2026-07-25T14:30:34.175Z  INFO 6485 --- [           main] o.s.o.j.p.SpringPersistenceUnitInfo      : No LoadTimeWeaver setup: ignoring JPA class transformer
2026-07-25T14:30:34.249Z  INFO 6485 --- [           main] org.hibernate.orm.connections.pooling    : HHH10001005: Database info:
	Database JDBC URL [Connecting through datasource 'HikariDataSource (HikariPool-1)']
	Database driver: undefined/unknown
	Database version: 16.14
	Autocommit mode: undefined/unknown
	Isolation level: undefined/unknown
	Minimum pool size: undefined/unknown
	Maximum pool size: undefined/unknown
2026-07-25T14:30:35.004Z  INFO 6485 --- [           main] o.h.e.t.j.p.i.JtaPlatformInitiator       : HHH000489: No JTA platform available (set 'hibernate.transaction.jta.platform' to enable JTA platform integration)
2026-07-25T14:30:35.037Z  INFO 6485 --- [           main] j.LocalContainerEntityManagerFactoryBean : Initialized JPA EntityManagerFactory for persistence unit 'default'
2026-07-25T14:30:35.699Z  INFO 6485 --- [           main] c.m.r.p.ResearchProjectIntegrationTest   : Started ResearchProjectIntegrationTest in 4.014 seconds (process running for 7.257)
]]></system-out>
  </testcase>
</testsuite>