<?xml version="1.0" encoding="UTF-8"?>
<testsuite xmlns:xsi="http://www.w3.org/2001/XMLSchema-instance" xsi:noNamespaceSchemaLocation="https://maven.apache.org/surefire/maven-surefire-plugin/xsd/surefire-test-report.xsd" version="3.0.2" name="com.mohsenzamni.researchgapfinder.project.ResearchProjectIntegrationTest" time="13.823" tests="1" errors="0" skipped="0" failures="0">
  <properties>
[...]
</properties>
  <testcase name="persistsProjectAgainstPostgres" classname="com.mohsenzamni.researchgapfinder.project.ResearchProjectIntegrationTest" time="0.697">
    <system-out><![CDATA[14:28:46.831 [main] INFO org.springframework.test.context.support.AnnotationConfigContextLoaderUtils -- Could not detect default configuration classes for test class [com.mohsenzamni.researchgapfinder.project.ResearchProjectIntegrationTest]: ResearchProjectIntegrationTest does not declare any static, non-private, non-final, nested classes annotated with @Configuration.
14:28:46.951 [main] INFO org.springframework.boot.test.context.SpringBootTestContextBootstrapper -- Found @SpringBootConfiguration com.mohsenzamni.researchgapfinder.ResearchGapFinderApplication for test class com.mohsenzamni.researchgapfinder.project.ResearchProjectIntegrationTest
14:28:47.098 [main] INFO org.testcontainers.images.PullPolicy -- Image pull policy will be performed by: DefaultPullPolicy()
14:28:47.100 [main] INFO org.testcontainers.utility.ImageNameSubstitutor -- Image name substitution will be performed by: DefaultImageNameSubstitutor (composite of 'ConfigurationFileImageNameSubstitutor' and 'PrefixingImageNameSubstitutor')
14:28:47.123 [main] INFO org.testcontainers.DockerClientFactory -- Testcontainers version: 1.20.6
14:28:47.582 [main] INFO org.testcontainers.dockerclient.DockerClientProviderStrategy -- Found Docker environment with local Unix socket (unix:///var/run/docker.sock)
14:28:47.588 [main] INFO org.testcontainers.DockerClientFactory -- Docker host IP address is localhost
14:28:47.608 [main] INFO org.testcontainers.DockerClientFactory -- Connected to docker: 
  Server Version: 28.0.4
  API Version: 1.48
  Operating System: Ubuntu 24.04.4 LTS
  Total Memory: 15989 MB
14:28:47.632 [main] INFO tc.testcontainers/ryuk:0.11.0 -- Pulling docker image: testcontainers/ryuk:0.11.0. Please be patient; this may take some time but only needs to be done once.
14:28:48.120 [docker-java-stream--1295187651] INFO tc.testcontainers/ryuk:0.11.0 -- Starting to pull image
14:28:48.134 [docker-java-stream--1295187651] INFO tc.testcontainers/ryuk:0.11.0 -- Pulling image layers:  0 pending,  0 downloaded,  0 extracted, (0 bytes/0 bytes)
14:28:48.366 [docker-java-stream--1295187651] INFO tc.testcontainers/ryuk:0.11.0 -- Pulling image layers:  2 pending,  1 downloaded,  0 extracted, (142 KB/? MB)
14:28:48.371 [docker-java-stream--1295187651] INFO tc.testcontainers/ryuk:0.11.0 -- Pulling image layers:  1 pending,  2 downloaded,  0 extracted, (142 KB/? MB)
14:28:48.379 [docker-java-stream--1295187651] INFO tc.testcontainers/ryuk:0.11.0 -- Pulling image layers:  0 pending,  3 downloaded,  0 extracted, (142 KB/10 MB)
14:28:48.500 [docker-java-stream--1295187651] INFO tc.testcontainers/ryuk:0.11.0 -- Pulling image layers:  0 pending,  3 downloaded,  1 extracted, (3 MB/10 MB)
14:28:48.666 [docker-java-stream--1295187651] INFO tc.testcontainers/ryuk:0.11.0 -- Pulling image layers:  0 pending,  3 downloaded,  2 extracted, (4 MB/10 MB)
14:28:48.712 [docker-java-stream--1295187651] INFO tc.testcontainers/ryuk:0.11.0 -- Pulling image layers:  0 pending,  3 downloaded,  3 extracted, (10 MB/10 MB)
14:28:48.718 [main] INFO tc.testcontainers/ryuk:0.11.0 -- Image testcontainers/ryuk:0.11.0 pull took PT1.085309661S
14:28:48.741 [main] INFO tc.testcontainers/ryuk:0.11.0 -- Creating container for image: testcontainers/ryuk:0.11.0
14:28:48.808 [main] INFO tc.testcontainers/ryuk:0.11.0 -- Container testcontainers/ryuk:0.11.0 is starting: 2f5156b9d394fc7c15861b542fa7d3323e5f6846303bff50c4a9873b70d1ef85
14:28:49.849 [main] INFO tc.testcontainers/ryuk:0.11.0 -- Container testcontainers/ryuk:0.11.0 started in PT1.108531867S
14:28:49.854 [main] INFO org.testcontainers.utility.RyukResourceReaper -- Ryuk started - will monitor and terminate Testcontainers containers on JVM exit
14:28:49.855 [main] INFO org.testcontainers.DockerClientFactory -- Checking the system...
14:28:49.855 [main] INFO org.testcontainers.DockerClientFactory -- ✔︎ Docker server version should be at least 1.6.0
14:28:49.858 [main] INFO tc.postgres:16-alpine -- Pulling docker image: postgres:16-alpine. Please be patient; this may take some time but only needs to be done once.
14:28:50.237 [docker-java-stream-1987595545] INFO tc.postgres:16-alpine -- Starting to pull image
14:28:50.238 [docker-java-stream-1987595545] INFO tc.postgres:16-alpine -- Pulling image layers:  0 pending,  0 downloaded,  0 extracted, (0 bytes/0 bytes)
14:28:50.454 [docker-java-stream-1987595545] INFO tc.postgres:16-alpine -- Pulling image layers: 10 pending,  1 downloaded,  0 extracted, (173 bytes/? MB)
14:28:50.457 [docker-java-stream-1987595545] INFO tc.postgres:16-alpine -- Pulling image layers:  9 pending,  2 downloaded,  0 extracted, (16 KB/? MB)
14:28:50.468 [docker-java-stream-1987595545] INFO tc.postgres:16-alpine -- Pulling image layers:  8 pending,  3 downloaded,  0 extracted, (880 KB/? MB)
14:28:50.534 [docker-java-stream-1987595545] INFO tc.postgres:16-alpine -- Pulling image layers:  7 pending,  4 downloaded,  0 extracted, (880 KB/? MB)
14:28:50.558 [docker-java-stream-1987595545] INFO tc.postgres:16-alpine -- Pulling image layers:  6 pending,  5 downloaded,  0 extracted, (1 MB/? MB)
14:28:50.567 [docker-java-stream-1987595545] INFO tc.postgres:16-alpine -- Pulling image layers:  6 pending,  5 downloaded,  1 extracted, (1 MB/? MB)
14:28:50.615 [docker-java-stream-1987595545] INFO tc.postgres:16-alpine -- Pulling image layers:  5 pending,  6 downloaded,  1 extracted, (1 MB/? MB)
14:28:50.628 [docker-java-stream-1987595545] INFO tc.postgres:16-alpine -- Pulling image layers:  5 pending,  6 downloaded,  2 extracted, (1 MB/? MB)
14:28:50.638 [docker-java-stream-1987595545] INFO tc.postgres:16-alpine -- Pulling image layers:  4 pending,  7 downloaded,  2 extracted, (1 MB/? MB)
14:28:50.653 [docker-java-stream-1987595545] INFO tc.postgres:16-alpine -- Pulling image layers:  4 pending,  7 downloaded,  3 extracted, (23 MB/? MB)
14:28:50.666 [docker-java-stream-1987595545] INFO tc.postgres:16-alpine -- Pulling image layers:  4 pending,  7 downloaded,  4 extracted, (23 MB/? MB)
14:28:50.693 [docker-java-stream-1987595545] INFO tc.postgres:16-alpine -- Pulling image layers:  3 pending,  8 downloaded,  4 extracted, (23 MB/? MB)
14:28:50.720 [docker-java-stream-1987595545] INFO tc.postgres:16-alpine -- Pulling image layers:  2 pending,  9 downloaded,  4 extracted, (23 MB/? MB)
14:28:50.893 [docker-java-stream-1987595545] INFO tc.postgres:16-alpine -- Pulling image layers:  1 pending, 10 downloaded,  4 extracted, (91 MB/? MB)
14:28:53.361 [docker-java-stream-1987595545] INFO tc.postgres:16-alpine -- Pulling image layers:  1 pending, 10 downloaded,  5 extracted, (106 MB/? MB)
14:28:53.379 [docker-java-stream-1987595545] INFO tc.postgres:16-alpine -- Pulling image layers:  1 pending, 10 downloaded,  6 extracted, (106 MB/? MB)
14:28:53.403 [docker-java-stream-1987595545] INFO tc.postgres:16-alpine -- Pulling image layers:  1 pending, 10 downloaded,  7 extracted, (106 MB/? MB)
14:28:53.413 [docker-java-stream-1987595545] INFO tc.postgres:16-alpine -- Pulling image layers:  1 pending, 10 downloaded,  8 extracted, (106 MB/? MB)
14:28:53.424 [docker-java-stream-1987595545] INFO tc.postgres:16-alpine -- Pulling image layers:  1 pending, 10 downloaded,  9 extracted, (106 MB/? MB)
14:28:53.433 [docker-java-stream-1987595545] INFO tc.postgres:16-alpine -- Pulling image layers:  1 pending, 10 downloaded, 10 extracted, (106 MB/? MB)
14:28:53.439 [main] INFO tc.postgres:16-alpine -- Image postgres:16-alpine pull took PT3.580859584S
14:28:53.439 [docker-java-stream-1987595545] INFO tc.postgres:16-alpine -- Pull complete. 11 layers, pulled in 3s (downloaded 106 MB at 35 MB/s)
14:28:53.442 [main] INFO tc.postgres:16-alpine -- Creating container for image: postgres:16-alpine
14:28:53.456 [main] INFO tc.postgres:16-alpine -- Container postgres:16-alpine is starting: 57cc51cdd675536eba751a4735d7922f96f21e476d097a8a2be92a7dd98af3fa
14:28:55.478 [main] INFO tc.postgres:16-alpine -- Container postgres:16-alpine started in PT2.036043995S
14:28:55.479 [main] INFO tc.postgres:16-alpine -- Container is started (JDBC URL: jdbc:postgresql://localhost:32769/research_gap_finder?loggerLevel=OFF)

  .   ____          _            __ _ _
 /\\ / ___'_ __ _ _(_)_ __  __ _ \ \ \ \
( ( )\___ | '_ | '_| | '_ \/ _` | \ \ \ \
 \\/  ___)| |_)| | | | | || (_| |  ) ) ) )
  '  |____| .__|_| |_|_| |_\__, | / / / /
 =========|_|==============|___/=/_/_/_/

 :: Spring Boot ::                (v3.4.5)

2026-07-25T14:28:55.849Z  INFO 5233 --- [           main] c.m.r.p.ResearchProjectIntegrationTest   : Starting ResearchProjectIntegrationTest using Java 17.0.19 with PID 5233 (started by runner in /home/runner/work/research-gap-finder/research-gap-finder)
2026-07-25T14:28:55.851Z  INFO 5233 --- [           main] c.m.r.p.ResearchProjectIntegrationTest   : No active profile set, falling back to 1 default profile: "default"
2026-07-25T14:28:56.490Z  INFO 5233 --- [           main] .s.d.r.c.RepositoryConfigurationDelegate : Bootstrapping Spring Data JPA repositories in DEFAULT mode.
2026-07-25T14:28:56.539Z  INFO 5233 --- [           main] .s.d.r.c.RepositoryConfigurationDelegate : Finished Spring Data repository scanning in 37 ms. Found 1 JPA repository interface.
2026-07-25T14:28:56.903Z  INFO 5233 --- [           main] com.zaxxer.hikari.HikariDataSource       : HikariPool-1 - Starting...
2026-07-25T14:28:57.122Z  INFO 5233 --- [           main] com.zaxxer.hikari.pool.HikariPool        : HikariPool-1 - Added connection org.postgresql.jdbc.PgConnection@1f42366
2026-07-25T14:28:57.123Z  INFO 5233 --- [           main] com.zaxxer.hikari.HikariDataSource       : HikariPool-1 - Start completed.
2026-07-25T14:28:57.253Z  INFO 5233 --- [           main] liquibase.database                       : Set default schema name to public
2026-07-25T14:28:57.646Z  INFO 5233 --- [           main] liquibase.changelog                      : Creating database history table with name: public.databasechangelog
2026-07-25T14:28:57.688Z  INFO 5233 --- [           main] liquibase.changelog                      : Reading from public.databasechangelog
2026-07-25T14:28:57.762Z  INFO 5233 --- [           main] liquibase.lockservice                    : Successfully acquired change log lock
2026-07-25T14:28:57.763Z  INFO 5233 --- [           main] liquibase.command                        : Using deploymentId: 4989737762
2026-07-25T14:28:57.764Z  INFO 5233 --- [           main] liquibase.changelog                      : Reading from public.databasechangelog
2026-07-25T14:28:57.785Z  INFO 5233 --- [           main] liquibase.ui                             : Running Changeset: db/changelog/changes/001-create-research-project.yaml::001-create-research-project::research-gap-finder
2026-07-25T14:28:57.799Z  INFO 5233 --- [           main] liquibase.changelog                      : Table research_project created
2026-07-25T14:28:57.800Z  INFO 5233 --- [           main] liquibase.changelog                      : ChangeSet db/changelog/changes/001-create-research-project.yaml::001-create-research-project::research-gap-finder ran successfully in 15ms
2026-07-25T14:28:57.809Z  INFO 5233 --- [           main] liquibase.util                           : UPDATE SUMMARY
2026-07-25T14:28:57.809Z  INFO 5233 --- [           main] liquibase.util                           : Run:                          1
2026-07-25T14:28:57.810Z  INFO 5233 --- [           main] liquibase.util                           : Previously run:               0
2026-07-25T14:28:57.810Z  INFO 5233 --- [           main] liquibase.util                           : Filtered out:                 0
2026-07-25T14:28:57.810Z  INFO 5233 --- [           main] liquibase.util                           : -------------------------------
2026-07-25T14:28:57.810Z  INFO 5233 --- [           main] liquibase.util                           : Total change sets:            1
2026-07-25T14:28:57.811Z  INFO 5233 --- [           main] liquibase.util                           : Update summary generated
2026-07-25T14:28:57.813Z  INFO 5233 --- [           main] liquibase.command                        : Update command completed successfully.
2026-07-25T14:28:57.813Z  INFO 5233 --- [           main] liquibase.ui                             : Liquibase: Update has been successful. Rows affected: 1
2026-07-25T14:28:57.816Z  INFO 5233 --- [           main] liquibase.lockservice                    : Successfully released change log lock
2026-07-25T14:28:57.817Z  INFO 5233 --- [           main] liquibase.command                        : Command execution complete
2026-07-25T14:28:57.881Z  INFO 5233 --- [           main] o.hibernate.jpa.internal.util.LogHelper  : HHH000204: Processing PersistenceUnitInfo [name: default]
2026-07-25T14:28:57.918Z  INFO 5233 --- [           main] org.hibernate.Version                    : HHH000412: Hibernate ORM core version 6.6.13.Final
2026-07-25T14:28:57.940Z  INFO 5233 --- [           main] o.h.c.internal.RegionFactoryInitiator    : HHH000026: Second-level cache disabled
2026-07-25T14:28:58.142Z  INFO 5233 --- [           main] o.s.o.j.p.SpringPersistenceUnitInfo      : No LoadTimeWeaver setup: ignoring JPA class transformer
2026-07-25T14:28:58.198Z  INFO 5233 --- [           main] org.hibernate.orm.connections.pooling    : HHH10001005: Database info:
	Database JDBC URL [Connecting through datasource 'HikariDataSource (HikariPool-1)']
	Database driver: undefined/unknown
	Database version: 16.14
	Autocommit mode: undefined/unknown
	Isolation level: undefined/unknown
	Minimum pool size: undefined/unknown
	Maximum pool size: undefined/unknown
2026-07-25T14:28:58.806Z  INFO 5233 --- [           main] o.h.e.t.j.p.i.JtaPlatformInitiator       : HHH000489: No JTA platform available (set 'hibernate.transaction.jta.platform' to enable JTA platform integration)
2026-07-25T14:28:58.839Z  INFO 5233 --- [           main] j.LocalContainerEntityManagerFactoryBean : Initialized JPA EntityManagerFactory for persistence unit 'default'
2026-07-25T14:28:59.566Z  INFO 5233 --- [           main] c.m.r.p.ResearchProjectIntegrationTest   : Started ResearchProjectIntegrationTest in 4.06 seconds (process running for 13.462)
]]></system-out>
  </testcase>
</testsuite>